<?xml version="1.0" encoding="UTF-8"?>
<testsuite name="com.logseq.kmp.util.FileUtilsPropertyTest" tests="11" skipped="0" failures="0" errors="0" timestamp="2026-03-29T06:28:09" hostname="onyx" time="0.037">
  <properties/>
  <testcase name="sanitizeFileNameShouldHandleUnicodeAndEmoji[jvm]" classname="com.logseq.kmp.util.FileUtilsPropertyTest" time="0.005"/>
  <testcase name="sanitizeFileNameShouldNotCrashOnAnyInput[jvm]" classname="com.logseq.kmp.util.FileUtilsPropertyTest" time="0.013"/>
  <testcase name="decodeFileNameShouldNotCrashOnAnyInput[jvm]" classname="com.logseq.kmp.util.FileUtilsPropertyTest" time="0.013"/>
  <testcase name="decodeFileNameShouldHandleInvalidPercentEncoding[jvm]" classname="com.logseq.kmp.util.FileUtilsPropertyTest" time="0.0"/>
  <testcase name="sanitizeFileNameShouldHandleEmptyStrings[jvm]" classname="com.logseq.kmp.util.FileUtilsPropertyTest" time="0.0"/>
  <testcase name="sanitizeFileNameShouldHandleReservedWindowsNames[jvm]" classname="com.logseq.kmp.util.FileUtilsPropertyTest" time="0.0"/>
  <testcase name="decodeFileNameShouldRoundtripWithSanitizeFileName[jvm]" classname="com.logseq.kmp.util.FileUtilsPropertyTest" time="0.006"/>
  <testcase name="decodeFileNameShouldHandleEdgeCases[jvm]" classname="com.logseq.kmp.util.FileUtilsPropertyTest" time="0.0"/>
  <testcase name="sanitizeFileNameShouldHandleSpecialCharacters[jvm]" classname="com.logseq.kmp.util.FileUtilsPropertyTest" time="0.0"/>
  <testcase name="sanitizeFileNameShouldHandlePathSeparators[jvm]" classname="com.logseq.kmp.util.FileUtilsPropertyTest" time="0.0"/>
  <testcase name="sanitizeFileNameShouldHandleTrailingDotsAndSpaces[jvm]" classname="com.logseq.kmp.util.FileUtilsPropertyTest" time="0.0"/>
  <system-out><![CDATA[]]></system-out>
  <system-err><![CDATA[]]></system-err>
</testsuite>
