<?xml version="1.0" encoding="UTF-8"?>
<testsuite name="com.logseq.kmp.parser.PropertiesParserPropertyTest" tests="11" skipped="0" failures="0" errors="0" timestamp="2026-03-29T06:28:09" hostname="onyx" time="0.08">
  <properties/>
  <testcase name="parseShouldHandleUnicodeInValues[jvm]" classname="com.logseq.kmp.parser.PropertiesParserPropertyTest" time="0.008"/>
  <testcase name="isPropertyLineEdgeCases[jvm]" classname="com.logseq.kmp.parser.PropertiesParserPropertyTest" time="0.001"/>
  <testcase name="parseShouldHandleMultiLineContent[jvm]" classname="com.logseq.kmp.parser.PropertiesParserPropertyTest" time="0.001"/>
  <testcase name="parseShouldHandleDrawerEdgeCases[jvm]" classname="com.logseq.kmp.parser.PropertiesParserPropertyTest" time="0.001"/>
  <testcase name="timestampParserShouldHandleMalformedTimestamps[jvm]" classname="com.logseq.kmp.parser.PropertiesParserPropertyTest" time="0.003"/>
  <testcase name="timestampParserShouldNotCrashOnArbitraryInput[jvm]" classname="com.logseq.kmp.parser.PropertiesParserPropertyTest" time="0.009"/>
  <testcase name="parseShouldHandleVariousPropertyFormats[jvm]" classname="com.logseq.kmp.parser.PropertiesParserPropertyTest" time="0.0"/>
  <testcase name="markdownPreprocessorShouldNotCrashOnArbitraryStrings[jvm]" classname="com.logseq.kmp.parser.PropertiesParserPropertyTest" time="0.036"/>
  <testcase name="markdownPreprocessorShouldHandleIndentationEdgeCases[jvm]" classname="com.logseq.kmp.parser.PropertiesParserPropertyTest" time="0.0"/>
  <testcase name="parseShouldNotCrashOnArbitraryStrings[jvm]" classname="com.logseq.kmp.parser.PropertiesParserPropertyTest" time="0.019"/>
  <testcase name="parseShouldHandleSpecialCharactersInValues[jvm]" classname="com.logseq.kmp.parser.PropertiesParserPropertyTest" time="0.0"/>
  <system-out><![CDATA[]]></system-out>
  <system-err><![CDATA[]]></system-err>
</testsuite>
