<?xml version="1.0" encoding="UTF-8"?>
<testsuite name="com.logseq.kmp.model.ValidationPropertyTest" tests="11" skipped="0" failures="0" errors="0" timestamp="2026-03-29T06:28:09" hostname="onyx" time="0.051">
  <properties/>
  <testcase name="validateContentShouldHandleLargeContent[jvm]" classname="com.logseq.kmp.model.ValidationPropertyTest" time="0.018"/>
  <testcase name="validateNameShouldNotCrashOnInvalidNames[jvm]" classname="com.logseq.kmp.model.ValidationPropertyTest" time="0.008"/>
  <testcase name="validateUuidShouldNotCrashOnInvalidFormats[jvm]" classname="com.logseq.kmp.model.ValidationPropertyTest" time="0.001"/>
  <testcase name="validateStringShouldHandleVariousInputs[jvm]" classname="com.logseq.kmp.model.ValidationPropertyTest" time="0.019"/>
  <testcase name="validateStringShouldHandleWhitespace[jvm]" classname="com.logseq.kmp.model.ValidationPropertyTest" time="0.0"/>
  <testcase name="validateStringShouldHandleMaxLengthBoundary[jvm]" classname="com.logseq.kmp.model.ValidationPropertyTest" time="0.003"/>
  <testcase name="validateNameShouldHandleVariousValidNames[jvm]" classname="com.logseq.kmp.model.ValidationPropertyTest" time="0.0"/>
  <testcase name="validateUuidShouldHandleMaxLength[jvm]" classname="com.logseq.kmp.model.ValidationPropertyTest" time="0.001"/>
  <testcase name="validateContentShouldAllowVariousContentTypes[jvm]" classname="com.logseq.kmp.model.ValidationPropertyTest" time="0.0"/>
  <testcase name="validateStringShouldNotCrashOnControlCharacters[jvm]" classname="com.logseq.kmp.model.ValidationPropertyTest" time="0.0"/>
  <testcase name="validateUuidShouldHandleVariousFormats[jvm]" classname="com.logseq.kmp.model.ValidationPropertyTest" time="0.001"/>
  <system-out><![CDATA[]]></system-out>
  <system-err><![CDATA[]]></system-err>
</testsuite>
